<?xml version="1.0" encoding="UTF-8"?>
<!-- Generated by org.testng.reporters.JUnitXMLReporter -->
<testsuite ignored="0" hostname="kazeem" failures="0" tests="12" name="Test" time="175.526" errors="0" timestamp="2023-07-13T00:29:14 BST">
  <testcase classname="Testcase.addfunds" name="verifyUserCanTopUp" time="11.085"/>
  <testcase classname="Testcase.giveLoan" name="verifyGiveLoan" time="18.444"/>
  <testcase classname="Testcase.Login" name="VerifyLoginwithinvalidDetails" time="0.61"/>
  <testcase classname="Testcase.Login" name="verifyforgetpasscode" time="0.471"/>
  <testcase classname="Testcase.Login" name="verifyloginWithValiddetails" time="0.64"/>
  <testcase classname="Testcase.transaction" name="verifyusercanviewtransactions" time="8.278"/>
  <testcase classname="Testcase.payment" name="VerifyUserPaymentWithCard" time="18.881"/>
  <testcase classname="Testcase.payment" name="verifyuserpaymentWithBank" time="9.03"/>
  <testcase classname="Testcase.Settings" name="VerifyUserCanEditMyAccountFunction" time="11.047"/>
  <testcase classname="Testcase.Settings" name="VerifyUserCanEditNOKFunction" time="17.232"/>
  <testcase classname="Testcase.Settings" name="VerifyUsercanGetInTouch" time="10.986"/>
  <testcase classname="Testcase.Settings" name="VerifyuserSetting" time="10.845"/>
</testsuite> <!-- Test -->
